<?xml version="1.0" encoding="UTF-8"?>
<testng-results ignored="0" total="1" passed="1" failed="0" skipped="0">
  <reporter-output>
  </reporter-output>
  <suite started-at="2023-01-13T21:17:39 CST" name="Default suite" finished-at="2023-01-13T21:17:45 CST" duration-ms="5653">
    <groups>
    </groups>
    <test started-at="2023-01-13T21:17:39 CST" name="Default test" finished-at="2023-01-13T21:17:45 CST" duration-ms="5653">
      <class name="test.AddCustomerTest">
        <test-method signature="validCustomerShouldBeAbleToCreateCustomer()[pri:0, instance:test.AddCustomerTest@7690781]" started-at="2023-01-13T21:17:39 CST" name="validCustomerShouldBeAbleToCreateCustomer" finished-at="2023-01-13T21:17:45 CST" duration-ms="5620" status="PASS">
          <reporter-output>
          </reporter-output>
        </test-method> <!-- validCustomerShouldBeAbleToCreateCustomer -->
      </class> <!-- test.AddCustomerTest -->
    </test> <!-- Default test -->
  </suite> <!-- Default suite -->
</testng-results>
